Startup...
Starting wWinMain...
Creating Window...
Initializing DxContext...
DxContext::Initialize Start
Creating Factory...
Creating Device...
Creating MainSrvHeap...
Creating ImGuiResources...
Creating CommandObjects...
Creating SwapChain...
Creating Scene Resources...
Creating Triangles...
Creating Cube...
Creating Sky...
Creating Grid...
DxContext::CreateGridResources Start
Compiling VS (basic3d)...
Compiling PS (basic3d)...
Defining Input Layout...
Setting up PSO Desc...
Creating PSO...
Flushing Init Commands (SKIPPED due to hang)...
DxContext::Initialize End
Setting up Camera...
Initializing ImGui...
Loading glTF...
glTF Loaded. Creating Mesh Resources...
Initialization Complete. Entering Loop...
